<?xml version="1.0" encoding="UTF-8"?>
<testng-results ignored="0" total="1" passed="1" failed="0" skipped="0">
  <reporter-output>
  </reporter-output>
  <suite started-at="2022-08-17T15:22:58 IST" name="Default suite" finished-at="2022-08-17T15:23:01 IST" duration-ms="3042">
    <groups>
    </groups>
    <test started-at="2022-08-17T15:22:58 IST" name="Default test" finished-at="2022-08-17T15:23:01 IST" duration-ms="3042">
      <class name="com.crm.Sdet.demo.Demo2">
        <test-method signature="demo1Test()[pri:0, instance:com.crm.Sdet.demo.Demo2@3e84448c]" started-at="2022-08-17T15:22:58 IST" name="demo1Test" finished-at="2022-08-17T15:23:01 IST" duration-ms="3001" status="PASS">
          <reporter-output>
          </reporter-output>
        </test-method> <!-- demo1Test -->
      </class> <!-- com.crm.Sdet.demo.Demo2 -->
    </test> <!-- Default test -->
  </suite> <!-- Default suite -->
</testng-results>
