<?xml version="1.0" encoding="UTF-8"?>
<!-- Generated by org.testng.reporters.JUnitXMLReporter -->
<testsuite ignored="0" hostname="surbhi" failures="0" tests="1" name="Test2" time="20.623" errors="0" timestamp="2022-08-09T16:58:21 IST">
  <testcase classname="com.crm.Sdet.genericLib.BaseClass" name="@BeforeMethod BM" time="0.001">
    <failure type="java.lang.NullPointerException" message="Cannot invoke &amp;quot;org.openqa.selenium.WebDriver.get(String)&amp;quot; because &amp;quot;this.driver&amp;quot; is null">
      <![CDATA[java.lang.NullPointerException: Cannot invoke "org.openqa.selenium.WebDriver.get(String)" because "this.driver" is null
at com.crm.Sdet.genericLib.BaseClass.BM(BaseClass.java:75)
at java.base/java.util.ArrayList.forEach(ArrayList.java:1511)
at java.base/java.util.concurrent.FutureTask.run(FutureTask.java:264)
at java.base/java.util.concurrent.ThreadPoolExecutor.runWorker(ThreadPoolExecutor.java:1130)
at java.base/java.util.concurrent.ThreadPoolExecutor$Worker.run(ThreadPoolExecutor.java:630)
at java.base/java.lang.Thread.run(Thread.java:831)
... Removed 22 stack frames]]>
    </failure>
  </testcase> <!-- @BeforeMethod BM -->
  <testcase classname="com.crm.Sdet.genericLib.BaseClass" name="@AfterMethod AM" time="-1.660044486021E9">
    <skipped/>
  </testcase> <!-- @AfterMethod AM -->
  <testcase classname="com.crm.Sdet.genericLib.BaseClass" name="@AfterClass AC" time="-1.660044486024E9">
    <skipped/>
  </testcase> <!-- @AfterClass AC -->
  <testcase classname="com.crm.Sdet.organization.CreateOrganization" name="createOrganization" time="12.597"/>
</testsuite> <!-- Test2 -->
