<?xml version="1.0" encoding="UTF-8"?>
<testng-results skipped="0" failed="0" ignored="0" total="3" passed="3">
  <reporter-output>
  </reporter-output>
  <suite name="Suite" duration-ms="36228" started-at="2022-08-11T10:27:14Z" finished-at="2022-08-11T10:27:51Z">
    <groups>
      <group name="regressionTest">
        <method signature="createOrganizationForproduct.createProduct()[pri:0, instance:com.crm.Sdet.organization1.createOrganizationForproduct@79efed2d]" name="createProduct" class="com.crm.Sdet.organization1.createOrganizationForproduct"/>
      </group> <!-- regressionTest -->
      <group name="smokeTest">
        <method signature="CreateOrganization.createOrganization()[pri:0, instance:com.crm.Sdet.organization.CreateOrganization@5276e6b0]" name="createOrganization" class="com.crm.Sdet.organization.CreateOrganization"/>
        <method signature="createOrganizationForCampaign.createCampaignTest()[pri:0, instance:com.crm.Sdet.organization2.createOrganizationForCampaign@1ffe63b9]" name="createCampaignTest" class="com.crm.Sdet.organization2.createOrganizationForCampaign"/>
      </group> <!-- smokeTest -->
    </groups>
    <test name="chromeTest" duration-ms="25840" started-at="2022-08-11T10:27:14Z" finished-at="2022-08-11T10:27:40Z">
      <class name="com.crm.Sdet.organization.CreateOrganization">
        <test-method status="PASS" signature="BT()[pri:0, instance:com.crm.Sdet.organization.CreateOrganization@5276e6b0]" name="BT" is-config="true" duration-ms="0" started-at="2022-08-11T10:27:14Z" finished-at="2022-08-11T10:27:14Z">
          <reporter-output>
          </reporter-output>
        </test-method> <!-- BT -->
        <test-method status="PASS" signature="BC()[pri:0, instance:com.crm.Sdet.organization.CreateOrganization@5276e6b0]" name="BC" is-config="true" duration-ms="2848" started-at="2022-08-11T10:27:14Z" finished-at="2022-08-11T10:27:17Z">
          <reporter-output>
          </reporter-output>
        </test-method> <!-- BC -->
        <test-method status="PASS" signature="BM()[pri:0, instance:com.crm.Sdet.organization.CreateOrganization@5276e6b0]" name="BM" is-config="true" duration-ms="5878" started-at="2022-08-11T10:27:17Z" finished-at="2022-08-11T10:27:23Z">
          <reporter-output>
          </reporter-output>
        </test-method> <!-- BM -->
        <test-method status="PASS" signature="createOrganization()[pri:0, instance:com.crm.Sdet.organization.CreateOrganization@5276e6b0]" name="createOrganization" duration-ms="17095" started-at="2022-08-11T10:27:23Z" finished-at="2022-08-11T10:27:40Z">
          <reporter-output>
          </reporter-output>
        </test-method> <!-- createOrganization -->
        <test-method status="PASS" signature="AM()[pri:0, instance:com.crm.Sdet.organization.CreateOrganization@5276e6b0]" name="AM" is-config="true" duration-ms="1" started-at="2022-08-11T10:27:40Z" finished-at="2022-08-11T10:27:40Z">
          <reporter-output>
          </reporter-output>
        </test-method> <!-- AM -->
        <test-method status="PASS" signature="AC()[pri:0, instance:com.crm.Sdet.organization.CreateOrganization@5276e6b0]" name="AC" is-config="true" duration-ms="0" started-at="2022-08-11T10:27:40Z" finished-at="2022-08-11T10:27:40Z">
          <reporter-output>
          </reporter-output>
        </test-method> <!-- AC -->
        <test-method status="PASS" signature="AT()[pri:0, instance:com.crm.Sdet.organization.CreateOrganization@5276e6b0]" name="AT" is-config="true" duration-ms="0" started-at="2022-08-11T10:27:40Z" finished-at="2022-08-11T10:27:40Z">
          <reporter-output>
          </reporter-output>
        </test-method> <!-- AT -->
      </class> <!-- com.crm.Sdet.organization.CreateOrganization -->
    </test> <!-- chromeTest -->
    <test name="FirefoxTest" duration-ms="34011" started-at="2022-08-11T10:27:14Z" finished-at="2022-08-11T10:27:48Z">
      <class name="com.crm.Sdet.organization1.createOrganizationForproduct">
        <test-method status="PASS" signature="BT()[pri:0, instance:com.crm.Sdet.organization1.createOrganizationForproduct@79efed2d]" name="BT" is-config="true" duration-ms="1" started-at="2022-08-11T10:27:14Z" finished-at="2022-08-11T10:27:14Z">
          <reporter-output>
          </reporter-output>
        </test-method> <!-- BT -->
        <test-method status="PASS" signature="BC()[pri:0, instance:com.crm.Sdet.organization1.createOrganizationForproduct@79efed2d]" name="BC" is-config="true" duration-ms="2848" started-at="2022-08-11T10:27:14Z" finished-at="2022-08-11T10:27:17Z">
          <reporter-output>
          </reporter-output>
        </test-method> <!-- BC -->
        <test-method status="PASS" signature="BM()[pri:0, instance:com.crm.Sdet.organization1.createOrganizationForproduct@79efed2d]" name="BM" is-config="true" duration-ms="6607" started-at="2022-08-11T10:27:17Z" finished-at="2022-08-11T10:27:24Z">
          <reporter-output>
          </reporter-output>
        </test-method> <!-- BM -->
        <test-method status="PASS" signature="createProduct()[pri:0, instance:com.crm.Sdet.organization1.createOrganizationForproduct@79efed2d]" name="createProduct" duration-ms="24538" started-at="2022-08-11T10:27:24Z" finished-at="2022-08-11T10:27:48Z">
          <reporter-output>
          </reporter-output>
        </test-method> <!-- createProduct -->
        <test-method status="PASS" signature="AC()[pri:0, instance:com.crm.Sdet.organization1.createOrganizationForproduct@79efed2d]" name="AC" is-config="true" duration-ms="0" started-at="2022-08-11T10:27:48Z" finished-at="2022-08-11T10:27:48Z">
          <reporter-output>
          </reporter-output>
        </test-method> <!-- AC -->
        <test-method status="PASS" signature="AT()[pri:0, instance:com.crm.Sdet.organization1.createOrganizationForproduct@79efed2d]" name="AT" is-config="true" duration-ms="1" started-at="2022-08-11T10:27:48Z" finished-at="2022-08-11T10:27:48Z">
          <reporter-output>
          </reporter-output>
        </test-method> <!-- AT -->
        <test-method status="PASS" signature="AM()[pri:0, instance:com.crm.Sdet.organization1.createOrganizationForproduct@79efed2d]" name="AM" is-config="true" duration-ms="0" started-at="2022-08-11T10:27:48Z" finished-at="2022-08-11T10:27:48Z">
          <reporter-output>
          </reporter-output>
        </test-method> <!-- AM -->
      </class> <!-- com.crm.Sdet.organization1.createOrganizationForproduct -->
    </test> <!-- FirefoxTest -->
    <test name="EdgeTest" duration-ms="36227" started-at="2022-08-11T10:27:14Z" finished-at="2022-08-11T10:27:51Z">
      <class name="com.crm.Sdet.organization2.createOrganizationForCampaign">
        <test-method status="PASS" signature="BS()[pri:0, instance:com.crm.Sdet.organization2.createOrganizationForCampaign@1ffe63b9]" name="BS" is-config="true" duration-ms="22" started-at="2022-08-11T10:27:14Z" finished-at="2022-08-11T10:27:14Z">
          <reporter-output>
          </reporter-output>
        </test-method> <!-- BS -->
        <test-method status="PASS" signature="BT()[pri:0, instance:com.crm.Sdet.organization2.createOrganizationForCampaign@1ffe63b9]" name="BT" is-config="true" duration-ms="1" started-at="2022-08-11T10:27:14Z" finished-at="2022-08-11T10:27:14Z">
          <reporter-output>
          </reporter-output>
        </test-method> <!-- BT -->
        <test-method status="PASS" signature="BC()[pri:0, instance:com.crm.Sdet.organization2.createOrganizationForCampaign@1ffe63b9]" name="BC" is-config="true" duration-ms="2848" started-at="2022-08-11T10:27:14Z" finished-at="2022-08-11T10:27:17Z">
          <reporter-output>
          </reporter-output>
        </test-method> <!-- BC -->
        <test-method status="PASS" signature="BM()[pri:0, instance:com.crm.Sdet.organization2.createOrganizationForCampaign@1ffe63b9]" name="BM" is-config="true" duration-ms="7871" started-at="2022-08-11T10:27:17Z" finished-at="2022-08-11T10:27:25Z">
          <reporter-output>
          </reporter-output>
        </test-method> <!-- BM -->
        <test-method status="PASS" signature="createCampaignTest()[pri:0, instance:com.crm.Sdet.organization2.createOrganizationForCampaign@1ffe63b9]" name="createCampaignTest" duration-ms="25490" started-at="2022-08-11T10:27:25Z" finished-at="2022-08-11T10:27:51Z">
          <reporter-output>
          </reporter-output>
        </test-method> <!-- createCampaignTest -->
        <test-method status="PASS" signature="AM()[pri:0, instance:com.crm.Sdet.organization2.createOrganizationForCampaign@1ffe63b9]" name="AM" is-config="true" duration-ms="0" started-at="2022-08-11T10:27:51Z" finished-at="2022-08-11T10:27:51Z">
          <reporter-output>
          </reporter-output>
        </test-method> <!-- AM -->
        <test-method status="PASS" signature="AC()[pri:0, instance:com.crm.Sdet.organization2.createOrganizationForCampaign@1ffe63b9]" name="AC" is-config="true" duration-ms="1" started-at="2022-08-11T10:27:51Z" finished-at="2022-08-11T10:27:51Z">
          <reporter-output>
          </reporter-output>
        </test-method> <!-- AC -->
        <test-method status="PASS" signature="AT()[pri:0, instance:com.crm.Sdet.organization2.createOrganizationForCampaign@1ffe63b9]" name="AT" is-config="true" duration-ms="0" started-at="2022-08-11T10:27:51Z" finished-at="2022-08-11T10:27:51Z">
          <reporter-output>
          </reporter-output>
        </test-method> <!-- AT -->
        <test-method status="PASS" signature="AS()[pri:0, instance:com.crm.Sdet.organization2.createOrganizationForCampaign@1ffe63b9]" name="AS" is-config="true" duration-ms="1" started-at="2022-08-11T10:27:51Z" finished-at="2022-08-11T10:27:51Z">
          <reporter-output>
          </reporter-output>
        </test-method> <!-- AS -->
      </class> <!-- com.crm.Sdet.organization2.createOrganizationForCampaign -->
    </test> <!-- EdgeTest -->
  </suite> <!-- Suite -->
</testng-results>
