<?xml version="1.0" encoding="UTF-8"?>
<testsuite xmlns:xsi="http://www.w3.org/2001/XMLSchema-instance" xsi:noNamespaceSchemaLocation="https://maven.apache.org/surefire/maven-surefire-plugin/xsd/surefire-test-report-3.0.xsd" version="3.0" name="TestSuite" time="37.998" tests="3" errors="0" skipped="0" failures="0">
  <properties>
[...]
</properties>
  <testcase name="createOrganization" classname="com.crm.Sdet.organization.CreateOrganization" time="15.096">
    <system-out><![CDATA[[TestNGContentHandler] [WARN] It is strongly recommended to add "<!DOCTYPE suite SYSTEM "http://testng.org/testng-1.0.dtd" >" at the top of your file, otherwise TestNG may fail or not work as expected.
DataBase Connection
Execute Script in parallel Mode
Execute Script in parallel Mode
Execute Script in parallel Mode
Login to Application
Login to Application
Login to Application
438
jspider882
laptop432
]]></system-out>
    <system-err><![CDATA[Starting ChromeDriver 103.0.5060.53 (a1711811edd74ff1cf2150f36ffa3b0dae40b17f-refs/branch-heads/5060@{#853}) on port 26224
Only local connections are allowed.
Please see https://chromedriver.chromium.org/security-considerations for suggestions on keeping ChromeDriver safe.
Starting ChromeDriver 103.0.5060.53 (a1711811edd74ff1cf2150f36ffa3b0dae40b17f-refs/branch-heads/5060@{#853}) on port 1257
Only local connections are allowed.
Please see https://chromedriver.chromium.org/security-considerations for suggestions on keeping ChromeDriver safe.
ChromeDriver was started successfully.
Starting ChromeDriver 1C03h.r0o.meDri5v06e0r. w5a3s  (staa1r7t1e1d8 1s1uecdcesd74ffs1fcufl2l1y5.0f
36ffa3b0dae40b17f-refs/branch-heads/5060@{#853}) on port 6133
Only local connections are allowed.
Please see https://chromedriver.chromium.org/security-considerations for suggestions on keeping ChromeDriver safe.
ChromeDriver was started successfully.
[1660213636.766][WARNING]: This version of ChromeDriver has not been tested with Chrome version 104.
[1660213637.168][WARNING]: This version of ChromeDriver has not been tested with Chrome version 104.
[1660213637.177][WARNING]: This version of ChromeDriver has not been tested with Chrome version 104.
Aug 11, 2022 3:57:17 PM org.openqa.selenium.remote.ProtocolHandshake createSession
INFO: Detected dialect: W3C
Aug 11, 2022 3:57:17 PM org.openqa.selenium.remote.ProtocolHandshake createSession
INFO: Detected dialect: W3C
Aug 11, 2022 3:57:17 PM org.openqa.selenium.remote.ProtocolHandshake createSession
INFO: Detected dialect: W3C
]]></system-err>
  </testcase>
  <testcase name="createProduct" classname="com.crm.Sdet.organization1.createOrganizationForproduct" time="23.267">
    <system-out><![CDATA[logout from Application
closing the Browser
parallel Execution is done
234
]]></system-out>
    <system-err><![CDATA[[1660213666.905][SEVERE]: Unable to receive message from renderer
]]></system-err>
  </testcase>
  <testcase name="createCampaignTest" classname="com.crm.Sdet.organization2.createOrganizationForCampaign" time="25.484">
    <system-out><![CDATA[logout from Application
closing the Browser
parallel Execution is done
]]></system-out>
  </testcase>
</testsuite>