<?xml version="1.0" encoding="UTF-8"?>
<testng-results ignored="0" total="1" passed="1" failed="0" skipped="0">
  <reporter-output>
  </reporter-output>
  <suite started-at="2022-09-24T10:15:35 IST" name="Default suite" finished-at="2022-09-24T10:15:37 IST" duration-ms="1411">
    <groups>
    </groups>
    <test started-at="2022-09-24T10:15:35 IST" name="Default test" finished-at="2022-09-24T10:15:37 IST" duration-ms="1411">
      <class name="DifferentWayToPOST.createProjectusingJSONFile">
        <test-method signature="createProject()[pri:0, instance:DifferentWayToPOST.createProjectusingJSONFile@34f5090e]" started-at="2022-09-24T10:15:35 IST" name="createProject" finished-at="2022-09-24T10:15:37 IST" duration-ms="1375" status="PASS">
          <reporter-output>
          </reporter-output>
        </test-method> <!-- createProject -->
      </class> <!-- DifferentWayToPOST.createProjectusingJSONFile -->
    </test> <!-- Default test -->
  </suite> <!-- Default suite -->
</testng-results>
