<?xml version="1.0" encoding="UTF-8"?>
<testng-results ignored="0" total="1" passed="1" failed="0" skipped="0">
  <reporter-output>
  </reporter-output>
  <suite started-at="2022-08-16T19:46:01 IST" name="Default suite" finished-at="2022-08-16T19:46:04 IST" duration-ms="2983">
    <groups>
    </groups>
    <test started-at="2022-08-16T19:46:01 IST" name="Default test" finished-at="2022-08-16T19:46:04 IST" duration-ms="2983">
      <class name="com.crm.Sdet.Demo.Demo1$DemoProject0">
        <test-method signature="demo1Test()[pri:0, instance:com.crm.Sdet.Demo.Demo1$DemoProject0@4a7f959b]" started-at="2022-08-16T19:46:01 IST" name="demo1Test" finished-at="2022-08-16T19:46:04 IST" duration-ms="2945" status="PASS">
          <reporter-output>
          </reporter-output>
        </test-method> <!-- demo1Test -->
      </class> <!-- com.crm.Sdet.Demo.Demo1$DemoProject0 -->
    </test> <!-- Default test -->
  </suite> <!-- Default suite -->
</testng-results>
